
> easy-rasta@0.1.0 build
> next build

▲ Next.js 16.1.6 (Turbopack)
- Environments: .env.local

  Creating an optimized production build ...

> Build error occurred
Error: Turbopack build failed with 1 errors:
./app/admin/events/page.jsx:16:1
Module not found: Can't resolve '@/components/ui/scroll-area'
[0m [90m 14 |[39m     [33mDialogFooter[39m[33m,[39m
 [90m 15 |[39m } [36mfrom[39m [32m'@/components/ui/dialog'[39m
[31m[1m>[22m[39m[90m 16 |[39m [36mimport[39m { [33mScrollArea[39m } [36mfrom[39m [32m'@/components/ui/scroll-area'[39m
 [90m    |[39m [31m[1m^[22m[39m[31m[1m^[22m[39m[31m[1m^[22m[39m[31m[1m^[22m[39m[31m[1m^[22m[39m[31m[1m^[22m[39m[31m[1m^[22m[39m[31m[1m^[22m[39m[31m[1m^[22m[39m[31m[1m^[22m[39m[31m[1m^[22m[39m[31m[1m^[22m[39m[31m[1m^[22m[39m[31m[1m^[22m[39m[31m[1m^[22m[39m[31m[1m^[22m[39m[31m[1m^[22m[39m[31m[1m^[22m[39m[31m[1m^[22m[39m[31m[1m^[22m[39m[31m[1m^[22m[39m[31m[1m^[22m[39m[31m[1m^[22m[39m[31m[1m^[22m[39m[31m[1m^[22m[39m[31m[1m^[22m[39m[31m[1m^[22m[39m[31m[1m^[22m[39m[31m[1m^[22m[39m[31m[1m^[22m[39m[31m[1m^[22m[39m[31m[1m^[22m[39m[31m[1m^[22m[39m[31m[1m^[22m[39m[31m[1m^[22m[39m[31m[1m^[22m[39m[31m[1m^[22m[39m[31m[1m^[22m[39m[31m[1m^[22m[39m[31m[1m^[22m[39m[31m[1m^[22m[39m[31m[1m^[22m[39m[31m[1m^[22m[39m[31m[1m^[22m[39m[31m[1m^[22m[39m[31m[1m^[22m[39m[31m[1m^[22m[39m[31m[1m^[22m[39m[31m[1m^[22m[39m[31m[1m^[22m[39m[31m[1m^[22m[39m[31m[1m^[22m[39m[31m[1m^[22m[39m[31m[1m^[22m[39m[31m[1m^[22m[39m[31m[1m^[22m[39m
 [90m 17 |[39m
 [90m 18 |[39m [36mexport[39m [36mdefault[39m [36mfunction[39m [33mEventsPage[39m() {
 [90m 19 |[39m     [36mconst[39m [events[33m,[39m setEvents] [33m=[39m useState([])[0m

Import map: aliased to relative './components/ui/scroll-area' inside of [project]/


Import traces:
  Client Component Browser:
    ./app/admin/events/page.jsx [Client Component Browser]
    ./app/admin/events/page.jsx [Server Component]

  Client Component SSR:
    ./app/admin/events/page.jsx [Client Component SSR]
    ./app/admin/events/page.jsx [Server Component]

https://nextjs.org/docs/messages/module-not-found


    at <unknown> (./app/admin/events/page.jsx:16:1)
    at <unknown> (https://nextjs.org/docs/messages/module-not-found)
